<?xml version="1.0" encoding="utf-8"?>
<test-run id="2" name="NLU.DevOps.ModelPerformance.dll" fullname="NLU.DevOps.ModelPerformance.dll" testcasecount="15" result="Passed" start-time="2020-04-27 21:56:01Z" end-time="2020-04-27 21:56:01Z" duration="0.188079" total="15" passed="15" failed="0" inconclusive="0" skipped="0" asserts="0" random-seed="878230989">
  <command-line><![CDATA[C:\Users\cmayo\.dotnet\tools\.store\dotnet-nlu\0.7.2\dotnet-nlu\0.7.2\tools\netcoreapp2.1\any\dotnet-nlu.dll compare -e .\tests\unittests.json -a results.json --unit-test]]></command-line>
  <filter />
  <test-suite type="Assembly" id="1018" name="NLU.DevOps.ModelPerformance.dll" fullname="NLU.DevOps.ModelPerformance.dll" runstate="Runnable" testcasecount="15" result="Passed" start-time="2020-04-27 21:56:01Z" end-time="2020-04-27 21:56:01Z" duration="0.188079" total="15" passed="15" failed="0" warnings="0" inconclusive="0" skipped="0" asserts="0">
    <environment framework-version="3.11.0.0" clr-version="4.0.30319.42000" os-version="Microsoft Windows 10.0.18363 " platform="Win32NT" cwd="C:\Users\cmayo\Repos\TestLUISDevOpsSample\luis-app" machine-name="DESKTOP-6763EC1" user="cmayo" user-domain="REDMOND" culture="en-US" uiculture="en-US" os-architecture="x64" />
    <settings>
      <setting name="WorkDirectory" value="C:\Users\cmayo\Repos\TestLUISDevOpsSample\luis-app" />
      <setting name="TestParametersDictionary" value="[expected, .\tests\unittests.json], [actual, results.json], [unitTestMode, True]">
        <item key="expected" value=".\tests\unittests.json" />
        <item key="actual" value="results.json" />
        <item key="unitTestMode" value="True" />
      </setting>
      <setting name="NumberOfTestWorkers" value="8" />
    </settings>
    <properties>
      <property name="_PID" value="2452" />
      <property name="_APPDOMAIN" value="dotnet-nlu" />
    </properties>
    <test-suite type="TestSuite" id="1019" name="NLU" fullname="NLU" runstate="Runnable" testcasecount="15" result="Passed" start-time="2020-04-27 21:56:01Z" end-time="2020-04-27 21:56:01Z" duration="0.173226" total="15" passed="15" failed="0" warnings="0" inconclusive="0" skipped="0" asserts="0">
      <test-suite type="TestSuite" id="1020" name="DevOps" fullname="NLU.DevOps" runstate="Runnable" testcasecount="15" result="Passed" start-time="2020-04-27 21:56:01Z" end-time="2020-04-27 21:56:01Z" duration="0.172672" total="15" passed="15" failed="0" warnings="0" inconclusive="0" skipped="0" asserts="0">
        <test-suite type="TestSuite" id="1021" name="ModelPerformance" fullname="NLU.DevOps.ModelPerformance" runstate="Runnable" testcasecount="15" result="Passed" start-time="2020-04-27 21:56:01Z" end-time="2020-04-27 21:56:01Z" duration="0.172661" total="15" passed="15" failed="0" warnings="0" inconclusive="0" skipped="0" asserts="0">
          <test-suite type="TestFixture" id="1000" name="ConfusionMatrixTests" fullname="NLU.DevOps.ModelPerformance.ConfusionMatrixTests" classname="NLU.DevOps.ModelPerformance.ConfusionMatrixTests" runstate="Runnable" testcasecount="15" result="Passed" start-time="2020-04-27 21:56:01Z" end-time="2020-04-27 21:56:01Z" duration="0.167049" total="15" passed="15" failed="0" warnings="0" inconclusive="0" skipped="0" asserts="0">
            <properties>
              <property name="ParallelScope" value="All" />
            </properties>
            <test-suite type="ParameterizedMethod" id="1017" name="Fail" fullname="NLU.DevOps.ModelPerformance.ConfusionMatrixTests.Fail" classname="NLU.DevOps.ModelPerformance.ConfusionMatrixTests" runstate="Runnable" testcasecount="0" result="Passed" start-time="2020-04-27 21:56:01Z" end-time="2020-04-27 21:56:01Z" duration="0.001422" total="0" passed="0" failed="0" warnings="0" inconclusive="0" skipped="0" asserts="0" />
            <test-suite type="ParameterizedMethod" id="1016" name="Pass" fullname="NLU.DevOps.ModelPerformance.ConfusionMatrixTests.Pass" classname="NLU.DevOps.ModelPerformance.ConfusionMatrixTests" runstate="Runnable" testcasecount="15" result="Passed" start-time="2020-04-27 21:56:01Z" end-time="2020-04-27 21:56:01Z" duration="0.152814" total="15" passed="15" failed="0" warnings="0" inconclusive="0" skipped="0" asserts="0">
              <test-case id="1006" name="TruePositiveEntity('vacation-request', '&quot;paid time off from july 23 to august 13&quot;', 'i want paid time off from july 23 to august 13')" fullname="NLU.DevOps.ModelPerformance.ConfusionMatrixTests.TruePositiveEntity('vacation-request', '&quot;paid time off from july 23 to august 13&quot;', 'i want paid time off from july 23 to august 13')" methodname="Pass" classname="NLU.DevOps.ModelPerformance.ConfusionMatrixTests" runstate="Runnable" seed="1805072465" result="Passed" start-time="2020-04-27 21:56:01Z" end-time="2020-04-27 21:56:01Z" duration="0.146863" asserts="0">
                <properties>
                  <property name="Category" value="Entity" />
                  <property name="Category" value="TruePositive" />
                </properties>
                <reason>
                  <message><![CDATA[Both utterances have entity 'paid time off from july 23 to august 13'.]]></message>
                </reason>
              </test-case>
              <test-case id="1004" name="TruePositiveIntent('RequestVacation', 'please make the dates of my vacations from march 3 to march 10')" fullname="NLU.DevOps.ModelPerformance.ConfusionMatrixTests.TruePositiveIntent('RequestVacation', 'please make the dates of my vacations from march 3 to march 10')" methodname="Pass" classname="NLU.DevOps.ModelPerformance.ConfusionMatrixTests" runstate="Runnable" seed="1975745557" result="Passed" start-time="2020-04-27 21:56:01Z" end-time="2020-04-27 21:56:01Z" duration="0.146881" asserts="0">
                <properties>
                  <property name="Category" value="Intent" />
                  <property name="Category" value="TruePositive" />
                </properties>
                <reason>
                  <message><![CDATA[Utterances have matching intent.]]></message>
                </reason>
              </test-case>
              <test-case id="1008" name="TruePositiveEntity('vacation-request', '&quot;vacation from 02/15/2020 to 03/25/2020&quot;', 'hi i want to book vacation from 02/15/2020 to 03/25/2020 thanks')" fullname="NLU.DevOps.ModelPerformance.ConfusionMatrixTests.TruePositiveEntity('vacation-request', '&quot;vacation from 02/15/2020 to 03/25/2020&quot;', 'hi i want to book vacation from 02/15/2020 to 03/25/2020 thanks')" methodname="Pass" classname="NLU.DevOps.ModelPerformance.ConfusionMatrixTests" runstate="Runnable" seed="804598295" result="Passed" start-time="2020-04-27 21:56:01Z" end-time="2020-04-27 21:56:01Z" duration="0.146870" asserts="0">
                <properties>
                  <property name="Category" value="Entity" />
                  <property name="Category" value="TruePositive" />
                </properties>
                <reason>
                  <message><![CDATA[Both utterances have entity 'vacation from 02/15/2020 to 03/25/2020'.]]></message>
                </reason>
              </test-case>
              <test-case id="1001" name="TruePositiveIntent('RequestVacation', 'i want paid time off from july 23 to august 13')" fullname="NLU.DevOps.ModelPerformance.ConfusionMatrixTests.TruePositiveIntent('RequestVacation', 'i want paid time off from july 23 to august 13')" methodname="Pass" classname="NLU.DevOps.ModelPerformance.ConfusionMatrixTests" runstate="Runnable" seed="1587209207" result="Passed" start-time="2020-04-27 21:56:01Z" end-time="2020-04-27 21:56:01Z" duration="0.146981" asserts="0">
                <properties>
                  <property name="Category" value="Intent" />
                  <property name="Category" value="TruePositive" />
                </properties>
                <reason>
                  <message><![CDATA[Utterances have matching intent.]]></message>
                </reason>
              </test-case>
              <test-case id="1007" name="TruePositiveEntityValue('vacation-request', '{&quot;leave-type&quot;:[[&quot;paid&quot;]],&quot;date-range&quot;:[{&quot;type&quot;:&quot;daterange&quot;,&quot;values&quot;:[{&quot;timex&quot;:&quot;(XXXX-07-23,XXXX-08-13,P21D)&quot;,&quot;start&quot;:&quot;2019-07-23&quot;,&quot;end&quot;:&quot;2019-08-13&quot;},{&quot;timex&quot;:&quot;(XXXX-07-23,XXXX-08-13,P21D)&quot;,&quot;start&quot;:&quot;2020-07-23&quot;,&quot;end&quot;:&quot;2020-08-13&quot;}]}]}', 'i want paid time off from july 23 to august 13')" fullname="NLU.DevOps.ModelPerformance.ConfusionMatrixTests.TruePositiveEntityValue('vacation-request', '{&quot;leave-type&quot;:[[&quot;paid&quot;]],&quot;date-range&quot;:[{&quot;type&quot;:&quot;daterange&quot;,&quot;values&quot;:[{&quot;timex&quot;:&quot;(XXXX-07-23,XXXX-08-13,P21D)&quot;,&quot;start&quot;:&quot;2019-07-23&quot;,&quot;end&quot;:&quot;2019-08-13&quot;},{&quot;timex&quot;:&quot;(XXXX-07-23,XXXX-08-13,P21D)&quot;,&quot;start&quot;:&quot;2020-07-23&quot;,&quot;end&quot;:&quot;2020-08-13&quot;}]}]}', 'i want paid time off from july 23 to august 13')" methodname="Pass" classname="NLU.DevOps.ModelPerformance.ConfusionMatrixTests" runstate="Runnable" seed="1932830272" result="Passed" start-time="2020-04-27 21:56:01Z" end-time="2020-04-27 21:56:01Z" duration="0.146896" asserts="0">
                <properties>
                  <property name="Category" value="Entity" />
                  <property name="Category" value="TruePositive" />
                </properties>
                <reason>
                  <message><![CDATA[Both utterances have entity value '{"leave-type":[["paid"]],"date-range":[{"type":"daterange","values":[{"timex":"(XXXX-07-23,XXXX-08-13,P21D)","start":"2019-07-23","end":"2019-08-13"},{"timex":"(XXXX-07-23,XXXX-08-13,P21D)","start":"2020-07-23","end":"2020-08-13"}]}]}'.]]></message>
                </reason>
              </test-case>
              <test-case id="1003" name="TruePositiveIntent('RequestVacation', 'i need to request a paid time off for travel starting from 02/20/2020 lasting 8 days')" fullname="NLU.DevOps.ModelPerformance.ConfusionMatrixTests.TruePositiveIntent('RequestVacation', 'i need to request a paid time off for travel starting from 02/20/2020 lasting 8 days')" methodname="Pass" classname="NLU.DevOps.ModelPerformance.ConfusionMatrixTests" runstate="Runnable" seed="649621568" result="Passed" start-time="2020-04-27 21:56:01Z" end-time="2020-04-27 21:56:01Z" duration="0.146947" asserts="0">
                <properties>
                  <property name="Category" value="Intent" />
                  <property name="Category" value="TruePositive" />
                </properties>
                <reason>
                  <message><![CDATA[Utterances have matching intent.]]></message>
                </reason>
              </test-case>
              <test-case id="1002" name="TruePositiveIntent('RequestVacation', 'hi i want to book vacation from 02/15/2020 to 03/25/2020 thanks')" fullname="NLU.DevOps.ModelPerformance.ConfusionMatrixTests.TruePositiveIntent('RequestVacation', 'hi i want to book vacation from 02/15/2020 to 03/25/2020 thanks')" methodname="Pass" classname="NLU.DevOps.ModelPerformance.ConfusionMatrixTests" runstate="Runnable" seed="365856824" result="Passed" start-time="2020-04-27 21:56:01Z" end-time="2020-04-27 21:56:01Z" duration="0.146986" asserts="0">
                <properties>
                  <property name="Category" value="Intent" />
                  <property name="Category" value="TruePositive" />
                </properties>
                <reason>
                  <message><![CDATA[Utterances have matching intent.]]></message>
                </reason>
              </test-case>
              <test-case id="1005" name="TruePositiveIntent('RequestVacation', 'I want to request a vacation on may 5th for 10 days to have time with my family')" fullname="NLU.DevOps.ModelPerformance.ConfusionMatrixTests.TruePositiveIntent('RequestVacation', 'I want to request a vacation on may 5th for 10 days to have time with my family')" methodname="Pass" classname="NLU.DevOps.ModelPerformance.ConfusionMatrixTests" runstate="Runnable" seed="691555946" result="Passed" start-time="2020-04-27 21:56:01Z" end-time="2020-04-27 21:56:01Z" duration="0.146959" asserts="0">
                <properties>
                  <property name="Category" value="Intent" />
                  <property name="Category" value="TruePositive" />
                </properties>
                <reason>
                  <message><![CDATA[Utterances have matching intent.]]></message>
                </reason>
              </test-case>
              <test-case id="1011" name="TruePositiveEntityValue('vacation-request', '{&quot;leave-type&quot;:[[&quot;paid&quot;]],&quot;start-date&quot;:[{&quot;type&quot;:&quot;daterange&quot;,&quot;values&quot;:[{&quot;timex&quot;:&quot;2020-02-20&quot;,&quot;Mod&quot;:&quot;since&quot;,&quot;sourceEntity&quot;:&quot;datetimepoint&quot;,&quot;start&quot;:&quot;2020-02-20&quot;}]}],&quot;days-duration&quot;:[{&quot;days-number&quot;:[8]}]}', 'i need to request a paid time off for travel starting from 02/20/2020 lasting 8 days')" fullname="NLU.DevOps.ModelPerformance.ConfusionMatrixTests.TruePositiveEntityValue('vacation-request', '{&quot;leave-type&quot;:[[&quot;paid&quot;]],&quot;start-date&quot;:[{&quot;type&quot;:&quot;daterange&quot;,&quot;values&quot;:[{&quot;timex&quot;:&quot;2020-02-20&quot;,&quot;Mod&quot;:&quot;since&quot;,&quot;sourceEntity&quot;:&quot;datetimepoint&quot;,&quot;start&quot;:&quot;2020-02-20&quot;}]}],&quot;days-duration&quot;:[{&quot;days-number&quot;:[8]}]}', 'i need to request a paid time off for travel starting from 02/20/2020 lasting 8 days')" methodname="Pass" classname="NLU.DevOps.ModelPerformance.ConfusionMatrixTests" runstate="Runnable" seed="1868840019" result="Passed" start-time="2020-04-27 21:56:01Z" end-time="2020-04-27 21:56:01Z" duration="0.001740" asserts="0">
                <properties>
                  <property name="Category" value="Entity" />
                  <property name="Category" value="TruePositive" />
                </properties>
                <reason>
                  <message><![CDATA[Both utterances have entity value '{"leave-type":[["paid"]],"start-date":[{"type":"daterange","values":[{"timex":"2020-02-20","Mod":"since","sourceEntity":"datetimepoint","start":"2020-02-20"}]}],"days-duration":[{"days-number":[8]}]}'.]]></message>
                </reason>
              </test-case>
              <test-case id="1009" name="TruePositiveEntityValue('vacation-request', '{&quot;date-range&quot;:[{&quot;type&quot;:&quot;daterange&quot;,&quot;values&quot;:[{&quot;timex&quot;:&quot;(2020-02-15,2020-03-25,P39D)&quot;,&quot;start&quot;:&quot;2020-02-15&quot;,&quot;end&quot;:&quot;2020-03-25&quot;}]}]}', 'hi i want to book vacation from 02/15/2020 to 03/25/2020 thanks')" fullname="NLU.DevOps.ModelPerformance.ConfusionMatrixTests.TruePositiveEntityValue('vacation-request', '{&quot;date-range&quot;:[{&quot;type&quot;:&quot;daterange&quot;,&quot;values&quot;:[{&quot;timex&quot;:&quot;(2020-02-15,2020-03-25,P39D)&quot;,&quot;start&quot;:&quot;2020-02-15&quot;,&quot;end&quot;:&quot;2020-03-25&quot;}]}]}', 'hi i want to book vacation from 02/15/2020 to 03/25/2020 thanks')" methodname="Pass" classname="NLU.DevOps.ModelPerformance.ConfusionMatrixTests" runstate="Runnable" seed="2048986148" result="Passed" start-time="2020-04-27 21:56:01Z" end-time="2020-04-27 21:56:01Z" duration="0.001884" asserts="0">
                <properties>
                  <property name="Category" value="Entity" />
                  <property name="Category" value="TruePositive" />
                </properties>
                <reason>
                  <message><![CDATA[Both utterances have entity value '{"date-range":[{"type":"daterange","values":[{"timex":"(2020-02-15,2020-03-25,P39D)","start":"2020-02-15","end":"2020-03-25"}]}]}'.]]></message>
                </reason>
              </test-case>
              <test-case id="1015" name="TruePositiveEntityValue('vacation-request', '{&quot;start-date&quot;:[{&quot;type&quot;:&quot;date&quot;,&quot;values&quot;:[{&quot;timex&quot;:&quot;XXXX-05-05&quot;,&quot;value&quot;:&quot;2019-05-05&quot;},{&quot;timex&quot;:&quot;XXXX-05-05&quot;,&quot;value&quot;:&quot;2020-05-05&quot;}]}],&quot;days-duration&quot;:[{&quot;days-number&quot;:[10]}]}', 'I want to request a vacation on may 5th for 10 days to have time with my family')" fullname="NLU.DevOps.ModelPerformance.ConfusionMatrixTests.TruePositiveEntityValue('vacation-request', '{&quot;start-date&quot;:[{&quot;type&quot;:&quot;date&quot;,&quot;values&quot;:[{&quot;timex&quot;:&quot;XXXX-05-05&quot;,&quot;value&quot;:&quot;2019-05-05&quot;},{&quot;timex&quot;:&quot;XXXX-05-05&quot;,&quot;value&quot;:&quot;2020-05-05&quot;}]}],&quot;days-duration&quot;:[{&quot;days-number&quot;:[10]}]}', 'I want to request a vacation on may 5th for 10 days to have time with my family')" methodname="Pass" classname="NLU.DevOps.ModelPerformance.ConfusionMatrixTests" runstate="Runnable" seed="689430271" result="Passed" start-time="2020-04-27 21:56:01Z" end-time="2020-04-27 21:56:01Z" duration="0.001922" asserts="0">
                <properties>
                  <property name="Category" value="Entity" />
                  <property name="Category" value="TruePositive" />
                </properties>
                <reason>
                  <message><![CDATA[Both utterances have entity value '{"start-date":[{"type":"date","values":[{"timex":"XXXX-05-05","value":"2019-05-05"},{"timex":"XXXX-05-05","value":"2020-05-05"}]}],"days-duration":[{"days-number":[10]}]}'.]]></message>
                </reason>
              </test-case>
              <test-case id="1010" name="TruePositiveEntity('vacation-request', '&quot;paid time off for travel starting from 02/20/2020 lasting 8 days&quot;', 'i need to request a paid time off for travel starting from 02/20/2020 lasting 8 days')" fullname="NLU.DevOps.ModelPerformance.ConfusionMatrixTests.TruePositiveEntity('vacation-request', '&quot;paid time off for travel starting from 02/20/2020 lasting 8 days&quot;', 'i need to request a paid time off for travel starting from 02/20/2020 lasting 8 days')" methodname="Pass" classname="NLU.DevOps.ModelPerformance.ConfusionMatrixTests" runstate="Runnable" seed="729218014" result="Passed" start-time="2020-04-27 21:56:01Z" end-time="2020-04-27 21:56:01Z" duration="0.002243" asserts="0">
                <properties>
                  <property name="Category" value="Entity" />
                  <property name="Category" value="TruePositive" />
                </properties>
                <reason>
                  <message><![CDATA[Both utterances have entity 'paid time off for travel starting from 02/20/2020 lasting 8 days'.]]></message>
                </reason>
              </test-case>
              <test-case id="1014" name="TruePositiveEntity('vacation-request', '&quot;vacation on may 5th for 10 days&quot;', 'I want to request a vacation on may 5th for 10 days to have time with my family')" fullname="NLU.DevOps.ModelPerformance.ConfusionMatrixTests.TruePositiveEntity('vacation-request', '&quot;vacation on may 5th for 10 days&quot;', 'I want to request a vacation on may 5th for 10 days to have time with my family')" methodname="Pass" classname="NLU.DevOps.ModelPerformance.ConfusionMatrixTests" runstate="Runnable" seed="514655624" result="Passed" start-time="2020-04-27 21:56:01Z" end-time="2020-04-27 21:56:01Z" duration="0.002194" asserts="0">
                <properties>
                  <property name="Category" value="Entity" />
                  <property name="Category" value="TruePositive" />
                </properties>
                <reason>
                  <message><![CDATA[Both utterances have entity 'vacation on may 5th for 10 days'.]]></message>
                </reason>
              </test-case>
              <test-case id="1012" name="TruePositiveEntity('vacation-request', '&quot;vacations from march 3 to march 10&quot;', 'please make the dates of my vacations from march 3 to march 10')" fullname="NLU.DevOps.ModelPerformance.ConfusionMatrixTests.TruePositiveEntity('vacation-request', '&quot;vacations from march 3 to march 10&quot;', 'please make the dates of my vacations from march 3 to march 10')" methodname="Pass" classname="NLU.DevOps.ModelPerformance.ConfusionMatrixTests" runstate="Runnable" seed="1676353448" result="Passed" start-time="2020-04-27 21:56:01Z" end-time="2020-04-27 21:56:01Z" duration="0.002364" asserts="0">
                <properties>
                  <property name="Category" value="Entity" />
                  <property name="Category" value="TruePositive" />
                </properties>
                <reason>
                  <message><![CDATA[Both utterances have entity 'vacations from march 3 to march 10'.]]></message>
                </reason>
              </test-case>
              <test-case id="1013" name="TruePositiveEntityValue('vacation-request', '{&quot;date-range&quot;:[{&quot;type&quot;:&quot;daterange&quot;,&quot;values&quot;:[{&quot;timex&quot;:&quot;(XXXX-03-03,XXXX-03-10,P7D)&quot;,&quot;start&quot;:&quot;2020-03-03&quot;,&quot;end&quot;:&quot;2020-03-10&quot;},{&quot;timex&quot;:&quot;(XXXX-03-03,XXXX-03-10,P7D)&quot;,&quot;start&quot;:&quot;2021-03-03&quot;,&quot;end&quot;:&quot;2021-03-10&quot;}]}]}', 'please make the dates of my vacations from march 3 to march 10')" fullname="NLU.DevOps.ModelPerformance.ConfusionMatrixTests.TruePositiveEntityValue('vacation-request', '{&quot;date-range&quot;:[{&quot;type&quot;:&quot;daterange&quot;,&quot;values&quot;:[{&quot;timex&quot;:&quot;(XXXX-03-03,XXXX-03-10,P7D)&quot;,&quot;start&quot;:&quot;2020-03-03&quot;,&quot;end&quot;:&quot;2020-03-10&quot;},{&quot;timex&quot;:&quot;(XXXX-03-03,XXXX-03-10,P7D)&quot;,&quot;start&quot;:&quot;2021-03-03&quot;,&quot;end&quot;:&quot;2021-03-10&quot;}]}]}', 'please make the dates of my vacations from march 3 to march 10')" methodname="Pass" classname="NLU.DevOps.ModelPerformance.ConfusionMatrixTests" runstate="Runnable" seed="1848904328" result="Passed" start-time="2020-04-27 21:56:01Z" end-time="2020-04-27 21:56:01Z" duration="0.002375" asserts="0">
                <properties>
                  <property name="Category" value="Entity" />
                  <property name="Category" value="TruePositive" />
                </properties>
                <reason>
                  <message><![CDATA[Both utterances have entity value '{"date-range":[{"type":"daterange","values":[{"timex":"(XXXX-03-03,XXXX-03-10,P7D)","start":"2020-03-03","end":"2020-03-10"},{"timex":"(XXXX-03-03,XXXX-03-10,P7D)","start":"2021-03-03","end":"2021-03-10"}]}]}'.]]></message>
                </reason>
              </test-case>
            </test-suite>
          </test-suite>
        </test-suite>
      </test-suite>
    </test-suite>
  </test-suite>
</test-run>